INFO:     Will watch for changes in these directories: ['/Users/suleymanrustemzade/Desktop/backend_fastapi']
INFO:     Uvicorn running on http://127.0.0.1:8000 (Press CTRL+C to quit)
INFO:     Started reloader process [82725] using StatReload
INFO:     Started server process [82728]
INFO:     Waiting for application startup.
INFO:     Application startup complete.
(trapped) error reading bcrypt version
Traceback (most recent call last):
  File "/Users/suleymanrustemzade/Desktop/backend_fastapi/venv/lib/python3.13/site-packages/passlib/handlers/bcrypt.py", line 620, in _load_backend_mixin
    version = _bcrypt.__about__.__version__
              ^^^^^^^^^^^^^^^^^
AttributeError: module 'bcrypt' has no attribute '__about__'
Application startup...
Successfully connected to MongoDB!
Beanie initialized with database: netflix_clone_db and models: ['UserDocument', 'CategoryDocument', 'ContentDocument', 'WatchlistItemDocument', 'WatchHistoryItemDocument']
INFO:     127.0.0.1:57137 - "POST /api/v1/auth/register HTTP/1.1" 201 Created
INFO:     127.0.0.1:57163 - "POST /api/v1/auth/login HTTP/1.1" 200 OK
INFO:     Shutting down
INFO:     Waiting for application shutdown.
INFO:     Application shutdown complete.
INFO:     Finished server process [82728]
INFO:     Stopping reloader process [82725]
